ARM GAS  C:\Users\Cedric\AppData\Local\Temp\cczZ6omP.s 			page 1


   1              		.cpu cortex-m0
   2              		.fpu softvfp
   3              		.eabi_attribute 20, 1
   4              		.eabi_attribute 21, 1
   5              		.eabi_attribute 23, 3
   6              		.eabi_attribute 24, 1
   7              		.eabi_attribute 25, 1
   8              		.eabi_attribute 26, 1
   9              		.eabi_attribute 30, 6
  10              		.eabi_attribute 34, 0
  11              		.eabi_attribute 18, 4
  12              		.code	16
  13              		.file	"main.c"
  14              		.text
  15              	.Ltext0:
  16              		.cfi_sections	.debug_frame
  17              		.global	messagesl1
  18              		.data
  19              		.align	2
  20              		.type	messagesl1, %object
  21              		.size	messagesl1, 160
  22              	messagesl1:
  23 0000 20202020 		.ascii	"      ENSEA     "
  23      2020454E 
  23      53454120 
  23      20202020 
  24 0010 20202020 		.ascii	"    You are     "
  24      596F7520 
  24      61726520 
  24      20202020 
  25 0020 48616D6D 		.ascii	"Hamming\000"
  25      696E6700 
  26 0028 00000000 		.space	8
  26      00000000 
  27 0030 4D696E73 		.ascii	"Minsky\000"
  27      6B7900
  28 0037 00000000 		.space	9
  28      00000000 
  28      00
  29 0040 57696C6B 		.ascii	"Wilkinson\000"
  29      696E736F 
  29      6E00
  30 004a 00000000 		.space	6
  30      0000
  31 0050 4D634361 		.ascii	"McCarthy\000"
  31      72746879 
  31      00
  32 0059 00000000 		.space	7
  32      000000
  33 0060 44696A6B 		.ascii	"Dijkstra\000"
  33      73747261 
  33      00
  34 0069 00000000 		.space	7
  34      000000
  35 0070 42616368 		.ascii	"Bachman\000"
  35      6D616E00 
  36 0078 00000000 		.space	8
ARM GAS  C:\Users\Cedric\AppData\Local\Temp\cczZ6omP.s 			page 2


  36      00000000 
  37 0080 4B6E7574 		.ascii	"Knuth\000"
  37      6800
  38 0086 00000000 		.space	10
  38      00000000 
  38      0000
  39 0090 4E657765 		.ascii	"Newell & Simon\000"
  39      6C6C2026 
  39      2053696D 
  39      6F6E00
  40 009f 00       		.space	1
  41              		.global	messagesl2
  42              		.align	2
  43              		.type	messagesl2, %object
  44              		.size	messagesl2, 160
  45              	messagesl2:
  46 00a0 20202050 		.ascii	"   PROMO 2017   "
  46      524F4D4F 
  46      20323031 
  46      37202020 
  47 00b0 20202020 		.ascii	"    AWESOME     "
  47      41574553 
  47      4F4D4520 
  47      20202020 
  48 00c0 48616D6D 		.ascii	"Hamming\000"
  48      696E6700 
  49 00c8 00000000 		.space	8
  49      00000000 
  50 00d0 4D696E73 		.ascii	"Minsky\000"
  50      6B7900
  51 00d7 00000000 		.space	9
  51      00000000 
  51      00
  52 00e0 57696C6B 		.ascii	"Wilkinson\000"
  52      696E736F 
  52      6E00
  53 00ea 00000000 		.space	6
  53      0000
  54 00f0 4D634361 		.ascii	"McCarthy\000"
  54      72746879 
  54      00
  55 00f9 00000000 		.space	7
  55      000000
  56 0100 44696A6B 		.ascii	"Dijkstra\000"
  56      73747261 
  56      00
  57 0109 00000000 		.space	7
  57      000000
  58 0110 42616368 		.ascii	"Bachman\000"
  58      6D616E00 
  59 0118 00000000 		.space	8
  59      00000000 
  60 0120 4B6E7574 		.ascii	"Knuth\000"
  60      6800
  61 0126 00000000 		.space	10
  61      00000000 
  61      0000
ARM GAS  C:\Users\Cedric\AppData\Local\Temp\cczZ6omP.s 			page 3


  62 0130 4E657765 		.ascii	"Newell & Simon\000"
  62      6C6C2026 
  62      2053696D 
  62      6F6E00
  63 013f 00       		.space	1
  64              		.global	__aeabi_idivmod
  65              		.section	.text.InterruptHandler1,"ax",%progbits
  66              		.align	2
  67              		.global	InterruptHandler1
  68              		.code	16
  69              		.thumb_func
  70              		.type	InterruptHandler1, %function
  71              	InterruptHandler1:
  72              	.LFB33:
  73              		.file 1 ".\\main.c"
   1:.\main.c      **** /* ========================================
   2:.\main.c      ****  *
   3:.\main.c      ****  * Copyright ENSEA, 2014
   4:.\main.c      ****  * All Rights Reserved
   5:.\main.c      ****  * UNPUBLISHED, LICENSED SOFTWARE.
   6:.\main.c      ****  * Authors : Cédric PILLET & Antoine TAUVEL
   7:.\main.c      ****  * CONFIDENTIAL AND PROPRIETARY INFORMATION
   8:.\main.c      ****  * WHICH IS THE PROPERTY OF ENSEA.
   9:.\main.c      ****  *
  10:.\main.c      ****  * ========================================
  11:.\main.c      **** */
  12:.\main.c      **** #include <project.h>
  13:.\main.c      **** #define period 9800
  14:.\main.c      **** #define period1 4
  15:.\main.c      **** #define period2 6
  16:.\main.c      **** #define period3 9
  17:.\main.c      **** #define nbmessages 10
  18:.\main.c      **** 
  19:.\main.c      **** char messagesl1[nbmessages][16] = { 
  20:.\main.c      ****   "      ENSEA     ",
  21:.\main.c      ****   "    You are     ",
  22:.\main.c      ****   "Hamming",
  23:.\main.c      ****   "Minsky",
  24:.\main.c      ****   "Wilkinson",
  25:.\main.c      ****   "McCarthy",
  26:.\main.c      ****   "Dijkstra",
  27:.\main.c      ****   "Bachman",
  28:.\main.c      ****   "Knuth",
  29:.\main.c      ****   "Newell & Simon"
  30:.\main.c      **** };
  31:.\main.c      **** char messagesl2[nbmessages][16] = { 
  32:.\main.c      ****   "   PROMO 2017   ",
  33:.\main.c      ****   "    AWESOME     ",
  34:.\main.c      ****   "Hamming",
  35:.\main.c      ****   "Minsky",
  36:.\main.c      ****   "Wilkinson",
  37:.\main.c      ****   "McCarthy",
  38:.\main.c      ****   "Dijkstra",
  39:.\main.c      ****   "Bachman",
  40:.\main.c      ****   "Knuth",
  41:.\main.c      ****   "Newell & Simon"
  42:.\main.c      **** };
ARM GAS  C:\Users\Cedric\AppData\Local\Temp\cczZ6omP.s 			page 4


  43:.\main.c      **** 
  44:.\main.c      **** CY_ISR(InterruptHandler1)
  45:.\main.c      **** {
  74              		.loc 1 45 0
  75              		.cfi_startproc
  76 0000 80B5     		push	{r7, lr}
  77              	.LCFI0:
  78              		.cfi_def_cfa_offset 8
  79              		.cfi_offset 7, -8
  80              		.cfi_offset 14, -4
  81 0002 00AF     		add	r7, sp, #0
  82              	.LCFI1:
  83              		.cfi_def_cfa_register 7
  46:.\main.c      **** 	static int cpt1=0;
  47:.\main.c      **** 	static int cmp1=0;
  48:.\main.c      ****     static int updown1=1;
  49:.\main.c      ****     
  50:.\main.c      ****     cpt1=(cpt1+1)%period1;
  84              		.loc 1 50 0
  85 0004 244B     		ldr	r3, .L7
  86 0006 1B68     		ldr	r3, [r3]
  87 0008 5A1C     		add	r2, r3, #1
  88 000a 244B     		ldr	r3, .L7+4
  89 000c 1340     		and	r3, r2
  90 000e 04D5     		bpl	.L2
  91 0010 013B     		sub	r3, r3, #1
  92 0012 0422     		mov	r2, #4
  93 0014 5242     		neg	r2, r2
  94 0016 1343     		orr	r3, r2
  95 0018 0133     		add	r3, r3, #1
  96              	.L2:
  97 001a 1A1C     		mov	r2, r3
  98 001c 1E4B     		ldr	r3, .L7
  99 001e 1A60     		str	r2, [r3]
  51:.\main.c      **** //    /* Clear TC Inerrupt */
  52:.\main.c      ****    	PWM_1_ClearInterrupt(PWM_1_INTR_MASK_TC);
 100              		.loc 1 52 0
 101 0020 0120     		mov	r0, #1
 102 0022 FFF7FEFF 		bl	PWM_1_ClearInterrupt
  53:.\main.c      **** //    
  54:.\main.c      **** //	/* Increment the Compare for LED brighrness decrease */ 
  55:.\main.c      ****     if (cpt1==0){
 103              		.loc 1 55 0
 104 0026 1C4B     		ldr	r3, .L7
 105 0028 1B68     		ldr	r3, [r3]
 106 002a 002B     		cmp	r3, #0
 107 002c 32D1     		bne	.L1
  56:.\main.c      ****         cmp1 = (cmp1+2) %period;
 108              		.loc 1 56 0
 109 002e 1C4B     		ldr	r3, .L7+8
 110 0030 1B68     		ldr	r3, [r3]
 111 0032 0233     		add	r3, r3, #2
 112 0034 181C     		mov	r0, r3
 113 0036 1B49     		ldr	r1, .L7+12
 114 0038 FFF7FEFF 		bl	__aeabi_idivmod
 115 003c 0B1C     		mov	r3, r1
 116 003e 1A1C     		mov	r2, r3
ARM GAS  C:\Users\Cedric\AppData\Local\Temp\cczZ6omP.s 			page 5


 117 0040 174B     		ldr	r3, .L7+8
 118 0042 1A60     		str	r2, [r3]
  57:.\main.c      ****         if(cmp1 ==0){
 119              		.loc 1 57 0
 120 0044 164B     		ldr	r3, .L7+8
 121 0046 1B68     		ldr	r3, [r3]
 122 0048 002B     		cmp	r3, #0
 123 004a 0DD1     		bne	.L4
  58:.\main.c      ****             updown1=(updown1+1)%2;
 124              		.loc 1 58 0
 125 004c 164B     		ldr	r3, .L7+16
 126 004e 1B68     		ldr	r3, [r3]
 127 0050 5A1C     		add	r2, r3, #1
 128 0052 164B     		ldr	r3, .L7+20
 129 0054 1340     		and	r3, r2
 130 0056 04D5     		bpl	.L5
 131 0058 013B     		sub	r3, r3, #1
 132 005a 0222     		mov	r2, #2
 133 005c 5242     		neg	r2, r2
 134 005e 1343     		orr	r3, r2
 135 0060 0133     		add	r3, r3, #1
 136              	.L5:
 137 0062 1A1C     		mov	r2, r3
 138 0064 104B     		ldr	r3, .L7+16
 139 0066 1A60     		str	r2, [r3]
 140              	.L4:
  59:.\main.c      ****         }
  60:.\main.c      ****         if(updown1==1){
 141              		.loc 1 60 0
 142 0068 0F4B     		ldr	r3, .L7+16
 143 006a 1B68     		ldr	r3, [r3]
 144 006c 012B     		cmp	r3, #1
 145 006e 06D1     		bne	.L6
  61:.\main.c      ****             PWM_1_WriteCompare(100+cmp1);
 146              		.loc 1 61 0
 147 0070 0B4B     		ldr	r3, .L7+8
 148 0072 1B68     		ldr	r3, [r3]
 149 0074 6433     		add	r3, r3, #100
 150 0076 181C     		mov	r0, r3
 151 0078 FFF7FEFF 		bl	PWM_1_WriteCompare
 152 007c 0AE0     		b	.L1
 153              	.L6:
  62:.\main.c      ****         }
  63:.\main.c      ****         else if(updown1==0){
 154              		.loc 1 63 0
 155 007e 0A4B     		ldr	r3, .L7+16
 156 0080 1B68     		ldr	r3, [r3]
 157 0082 002B     		cmp	r3, #0
 158 0084 06D1     		bne	.L1
  64:.\main.c      ****             PWM_1_WriteCompare(100+period-cmp1);
 159              		.loc 1 64 0
 160 0086 064B     		ldr	r3, .L7+8
 161 0088 1B68     		ldr	r3, [r3]
 162 008a 094A     		ldr	r2, .L7+24
 163 008c D31A     		sub	r3, r2, r3
 164 008e 181C     		mov	r0, r3
 165 0090 FFF7FEFF 		bl	PWM_1_WriteCompare
ARM GAS  C:\Users\Cedric\AppData\Local\Temp\cczZ6omP.s 			page 6


 166              	.L1:
  65:.\main.c      ****         }
  66:.\main.c      ****     }
  67:.\main.c      **** 
  68:.\main.c      **** }
 167              		.loc 1 68 0
 168 0094 BD46     		mov	sp, r7
 169              		@ sp needed for prologue
 170 0096 80BD     		pop	{r7, pc}
 171              	.L8:
 172              		.align	2
 173              	.L7:
 174 0098 14000000 		.word	cpt1.5412
 175 009c 03000080 		.word	-2147483645
 176 00a0 18000000 		.word	cmp1.5413
 177 00a4 48260000 		.word	9800
 178 00a8 48010000 		.word	updown1.5414
 179 00ac 01000080 		.word	-2147483647
 180 00b0 AC260000 		.word	9900
 181              		.cfi_endproc
 182              	.LFE33:
 183              		.size	InterruptHandler1, .-InterruptHandler1
 184              		.section	.text.InterruptHandler2,"ax",%progbits
 185              		.align	2
 186              		.global	InterruptHandler2
 187              		.code	16
 188              		.thumb_func
 189              		.type	InterruptHandler2, %function
 190              	InterruptHandler2:
 191              	.LFB34:
  69:.\main.c      **** 
  70:.\main.c      **** CY_ISR(InterruptHandler2)
  71:.\main.c      **** {
 192              		.loc 1 71 0
 193              		.cfi_startproc
 194 0000 80B5     		push	{r7, lr}
 195              	.LCFI2:
 196              		.cfi_def_cfa_offset 8
 197              		.cfi_offset 7, -8
 198              		.cfi_offset 14, -4
 199 0002 00AF     		add	r7, sp, #0
 200              	.LCFI3:
 201              		.cfi_def_cfa_register 7
  72:.\main.c      **** 	static int cpt2=0;
  73:.\main.c      **** 	static int cmp2=0;
  74:.\main.c      ****     static int updown2=1;
  75:.\main.c      ****     
  76:.\main.c      ****     cpt2=(cpt2+1)%period2;
 202              		.loc 1 76 0
 203 0004 234B     		ldr	r3, .L14
 204 0006 1B68     		ldr	r3, [r3]
 205 0008 0133     		add	r3, r3, #1
 206 000a 181C     		mov	r0, r3
 207 000c 0621     		mov	r1, #6
 208 000e FFF7FEFF 		bl	__aeabi_idivmod
 209 0012 0B1C     		mov	r3, r1
 210 0014 1A1C     		mov	r2, r3
ARM GAS  C:\Users\Cedric\AppData\Local\Temp\cczZ6omP.s 			page 7


 211 0016 1F4B     		ldr	r3, .L14
 212 0018 1A60     		str	r2, [r3]
  77:.\main.c      **** //    /* Clear TC Inerrupt */
  78:.\main.c      ****    	PWM_2_ClearInterrupt(PWM_2_INTR_MASK_TC);
 213              		.loc 1 78 0
 214 001a 0120     		mov	r0, #1
 215 001c FFF7FEFF 		bl	PWM_2_ClearInterrupt
  79:.\main.c      **** //    
  80:.\main.c      **** //	/* Increment the Compare for LED brighrness decrease */ 
  81:.\main.c      ****     if (cpt2==0){
 216              		.loc 1 81 0
 217 0020 1C4B     		ldr	r3, .L14
 218 0022 1B68     		ldr	r3, [r3]
 219 0024 002B     		cmp	r3, #0
 220 0026 32D1     		bne	.L9
  82:.\main.c      ****         cmp2 = (cmp2+2) %period;
 221              		.loc 1 82 0
 222 0028 1B4B     		ldr	r3, .L14+4
 223 002a 1B68     		ldr	r3, [r3]
 224 002c 0233     		add	r3, r3, #2
 225 002e 181C     		mov	r0, r3
 226 0030 1A49     		ldr	r1, .L14+8
 227 0032 FFF7FEFF 		bl	__aeabi_idivmod
 228 0036 0B1C     		mov	r3, r1
 229 0038 1A1C     		mov	r2, r3
 230 003a 174B     		ldr	r3, .L14+4
 231 003c 1A60     		str	r2, [r3]
  83:.\main.c      ****         if(cmp2 ==0){
 232              		.loc 1 83 0
 233 003e 164B     		ldr	r3, .L14+4
 234 0040 1B68     		ldr	r3, [r3]
 235 0042 002B     		cmp	r3, #0
 236 0044 0DD1     		bne	.L11
  84:.\main.c      ****             updown2=(updown2+1)%2;
 237              		.loc 1 84 0
 238 0046 164B     		ldr	r3, .L14+12
 239 0048 1B68     		ldr	r3, [r3]
 240 004a 5A1C     		add	r2, r3, #1
 241 004c 154B     		ldr	r3, .L14+16
 242 004e 1340     		and	r3, r2
 243 0050 04D5     		bpl	.L12
 244 0052 013B     		sub	r3, r3, #1
 245 0054 0222     		mov	r2, #2
 246 0056 5242     		neg	r2, r2
 247 0058 1343     		orr	r3, r2
 248 005a 0133     		add	r3, r3, #1
 249              	.L12:
 250 005c 1A1C     		mov	r2, r3
 251 005e 104B     		ldr	r3, .L14+12
 252 0060 1A60     		str	r2, [r3]
 253              	.L11:
  85:.\main.c      ****         }
  86:.\main.c      ****         if(updown2==1){
 254              		.loc 1 86 0
 255 0062 0F4B     		ldr	r3, .L14+12
 256 0064 1B68     		ldr	r3, [r3]
 257 0066 012B     		cmp	r3, #1
ARM GAS  C:\Users\Cedric\AppData\Local\Temp\cczZ6omP.s 			page 8


 258 0068 06D1     		bne	.L13
  87:.\main.c      ****             PWM_2_WriteCompare(100+cmp2);
 259              		.loc 1 87 0
 260 006a 0B4B     		ldr	r3, .L14+4
 261 006c 1B68     		ldr	r3, [r3]
 262 006e 6433     		add	r3, r3, #100
 263 0070 181C     		mov	r0, r3
 264 0072 FFF7FEFF 		bl	PWM_2_WriteCompare
 265 0076 0AE0     		b	.L9
 266              	.L13:
  88:.\main.c      ****         }
  89:.\main.c      ****         else if(updown2==0){
 267              		.loc 1 89 0
 268 0078 094B     		ldr	r3, .L14+12
 269 007a 1B68     		ldr	r3, [r3]
 270 007c 002B     		cmp	r3, #0
 271 007e 06D1     		bne	.L9
  90:.\main.c      ****             PWM_2_WriteCompare(100+period-cmp2);
 272              		.loc 1 90 0
 273 0080 054B     		ldr	r3, .L14+4
 274 0082 1B68     		ldr	r3, [r3]
 275 0084 084A     		ldr	r2, .L14+20
 276 0086 D31A     		sub	r3, r2, r3
 277 0088 181C     		mov	r0, r3
 278 008a FFF7FEFF 		bl	PWM_2_WriteCompare
 279              	.L9:
  91:.\main.c      ****         }
  92:.\main.c      ****     }
  93:.\main.c      **** 
  94:.\main.c      **** }
 280              		.loc 1 94 0
 281 008e BD46     		mov	sp, r7
 282              		@ sp needed for prologue
 283 0090 80BD     		pop	{r7, pc}
 284              	.L15:
 285 0092 C046     		.align	2
 286              	.L14:
 287 0094 0C000000 		.word	cpt2.5418
 288 0098 10000000 		.word	cmp2.5419
 289 009c 48260000 		.word	9800
 290 00a0 44010000 		.word	updown2.5420
 291 00a4 01000080 		.word	-2147483647
 292 00a8 AC260000 		.word	9900
 293              		.cfi_endproc
 294              	.LFE34:
 295              		.size	InterruptHandler2, .-InterruptHandler2
 296              		.section	.text.InterruptHandler3,"ax",%progbits
 297              		.align	2
 298              		.global	InterruptHandler3
 299              		.code	16
 300              		.thumb_func
 301              		.type	InterruptHandler3, %function
 302              	InterruptHandler3:
 303              	.LFB35:
  95:.\main.c      **** 
  96:.\main.c      **** CY_ISR(InterruptHandler3)
  97:.\main.c      **** {
ARM GAS  C:\Users\Cedric\AppData\Local\Temp\cczZ6omP.s 			page 9


 304              		.loc 1 97 0
 305              		.cfi_startproc
 306 0000 80B5     		push	{r7, lr}
 307              	.LCFI4:
 308              		.cfi_def_cfa_offset 8
 309              		.cfi_offset 7, -8
 310              		.cfi_offset 14, -4
 311 0002 00AF     		add	r7, sp, #0
 312              	.LCFI5:
 313              		.cfi_def_cfa_register 7
  98:.\main.c      **** 	static int cpt3=0;
  99:.\main.c      **** 	static int cmp3=0;
 100:.\main.c      ****     static int updown3=1;
 101:.\main.c      ****     
 102:.\main.c      ****     cpt3=(cpt3+1)%period3;
 314              		.loc 1 102 0
 315 0004 234B     		ldr	r3, .L21
 316 0006 1B68     		ldr	r3, [r3]
 317 0008 0133     		add	r3, r3, #1
 318 000a 181C     		mov	r0, r3
 319 000c 0921     		mov	r1, #9
 320 000e FFF7FEFF 		bl	__aeabi_idivmod
 321 0012 0B1C     		mov	r3, r1
 322 0014 1A1C     		mov	r2, r3
 323 0016 1F4B     		ldr	r3, .L21
 324 0018 1A60     		str	r2, [r3]
 103:.\main.c      **** //    /* Clear TC Inerrupt */
 104:.\main.c      ****    	PWM_3_ClearInterrupt(PWM_3_INTR_MASK_TC);
 325              		.loc 1 104 0
 326 001a 0120     		mov	r0, #1
 327 001c FFF7FEFF 		bl	PWM_3_ClearInterrupt
 105:.\main.c      **** //    
 106:.\main.c      **** //	/* Increment the Compare for LED brighrness decrease */ 
 107:.\main.c      ****     if (cpt3==0){
 328              		.loc 1 107 0
 329 0020 1C4B     		ldr	r3, .L21
 330 0022 1B68     		ldr	r3, [r3]
 331 0024 002B     		cmp	r3, #0
 332 0026 32D1     		bne	.L16
 108:.\main.c      ****         cmp3 = (cmp3+2) %period;
 333              		.loc 1 108 0
 334 0028 1B4B     		ldr	r3, .L21+4
 335 002a 1B68     		ldr	r3, [r3]
 336 002c 0233     		add	r3, r3, #2
 337 002e 181C     		mov	r0, r3
 338 0030 1A49     		ldr	r1, .L21+8
 339 0032 FFF7FEFF 		bl	__aeabi_idivmod
 340 0036 0B1C     		mov	r3, r1
 341 0038 1A1C     		mov	r2, r3
 342 003a 174B     		ldr	r3, .L21+4
 343 003c 1A60     		str	r2, [r3]
 109:.\main.c      ****         if(cmp3==0){
 344              		.loc 1 109 0
 345 003e 164B     		ldr	r3, .L21+4
 346 0040 1B68     		ldr	r3, [r3]
 347 0042 002B     		cmp	r3, #0
 348 0044 0DD1     		bne	.L18
ARM GAS  C:\Users\Cedric\AppData\Local\Temp\cczZ6omP.s 			page 10


 110:.\main.c      ****             updown3=(updown3+1)%2;
 349              		.loc 1 110 0
 350 0046 164B     		ldr	r3, .L21+12
 351 0048 1B68     		ldr	r3, [r3]
 352 004a 5A1C     		add	r2, r3, #1
 353 004c 154B     		ldr	r3, .L21+16
 354 004e 1340     		and	r3, r2
 355 0050 04D5     		bpl	.L19
 356 0052 013B     		sub	r3, r3, #1
 357 0054 0222     		mov	r2, #2
 358 0056 5242     		neg	r2, r2
 359 0058 1343     		orr	r3, r2
 360 005a 0133     		add	r3, r3, #1
 361              	.L19:
 362 005c 1A1C     		mov	r2, r3
 363 005e 104B     		ldr	r3, .L21+12
 364 0060 1A60     		str	r2, [r3]
 365              	.L18:
 111:.\main.c      ****         }
 112:.\main.c      ****         if(updown3==1){
 366              		.loc 1 112 0
 367 0062 0F4B     		ldr	r3, .L21+12
 368 0064 1B68     		ldr	r3, [r3]
 369 0066 012B     		cmp	r3, #1
 370 0068 06D1     		bne	.L20
 113:.\main.c      ****             PWM_3_WriteCompare(100+cmp3);
 371              		.loc 1 113 0
 372 006a 0B4B     		ldr	r3, .L21+4
 373 006c 1B68     		ldr	r3, [r3]
 374 006e 6433     		add	r3, r3, #100
 375 0070 181C     		mov	r0, r3
 376 0072 FFF7FEFF 		bl	PWM_3_WriteCompare
 377 0076 0AE0     		b	.L16
 378              	.L20:
 114:.\main.c      ****         }
 115:.\main.c      ****         else if(updown3==0){
 379              		.loc 1 115 0
 380 0078 094B     		ldr	r3, .L21+12
 381 007a 1B68     		ldr	r3, [r3]
 382 007c 002B     		cmp	r3, #0
 383 007e 06D1     		bne	.L16
 116:.\main.c      ****             PWM_3_WriteCompare(100+period-cmp3);
 384              		.loc 1 116 0
 385 0080 054B     		ldr	r3, .L21+4
 386 0082 1B68     		ldr	r3, [r3]
 387 0084 084A     		ldr	r2, .L21+20
 388 0086 D31A     		sub	r3, r2, r3
 389 0088 181C     		mov	r0, r3
 390 008a FFF7FEFF 		bl	PWM_3_WriteCompare
 391              	.L16:
 117:.\main.c      ****         }
 118:.\main.c      ****     }
 119:.\main.c      **** 
 120:.\main.c      **** }
 392              		.loc 1 120 0
 393 008e BD46     		mov	sp, r7
 394              		@ sp needed for prologue
ARM GAS  C:\Users\Cedric\AppData\Local\Temp\cczZ6omP.s 			page 11


 395 0090 80BD     		pop	{r7, pc}
 396              	.L22:
 397 0092 C046     		.align	2
 398              	.L21:
 399 0094 04000000 		.word	cpt3.5424
 400 0098 08000000 		.word	cmp3.5425
 401 009c 48260000 		.word	9800
 402 00a0 40010000 		.word	updown3.5426
 403 00a4 01000080 		.word	-2147483647
 404 00a8 AC260000 		.word	9900
 405              		.cfi_endproc
 406              	.LFE35:
 407              		.size	InterruptHandler3, .-InterruptHandler3
 408              		.section	.text.InterruptHandler4,"ax",%progbits
 409              		.align	2
 410              		.global	InterruptHandler4
 411              		.code	16
 412              		.thumb_func
 413              		.type	InterruptHandler4, %function
 414              	InterruptHandler4:
 415              	.LFB36:
 121:.\main.c      **** 
 122:.\main.c      **** CY_ISR(InterruptHandler4)
 123:.\main.c      **** {
 416              		.loc 1 123 0
 417              		.cfi_startproc
 418 0000 80B5     		push	{r7, lr}
 419              	.LCFI6:
 420              		.cfi_def_cfa_offset 8
 421              		.cfi_offset 7, -8
 422              		.cfi_offset 14, -4
 423 0002 00AF     		add	r7, sp, #0
 424              	.LCFI7:
 425              		.cfi_def_cfa_register 7
 124:.\main.c      ****     static int i=0;
 125:.\main.c      ****     
 126:.\main.c      ****     TIM_4_ClearInterrupt(TIM_4__INTR_MASK_TC);
 426              		.loc 1 126 0
 427 0004 0120     		mov	r0, #1
 428 0006 FFF7FEFF 		bl	TIM_4_ClearInterrupt
 127:.\main.c      ****     
 128:.\main.c      ****     LCD_Char_1_ClearDisplay();
 429              		.loc 1 128 0
 430 000a 0120     		mov	r0, #1
 431 000c FFF7FEFF 		bl	LCD_Char_1_WriteControl
 129:.\main.c      **** 
 130:.\main.c      ****     LCD_Char_1_PrintString(messagesl1[i]);
 432              		.loc 1 130 0
 433 0010 104B     		ldr	r3, .L24
 434 0012 1B68     		ldr	r3, [r3]
 435 0014 1A01     		lsl	r2, r3, #4
 436 0016 104B     		ldr	r3, .L24+4
 437 0018 D318     		add	r3, r2, r3
 438 001a 181C     		mov	r0, r3
 439 001c FFF7FEFF 		bl	LCD_Char_1_PrintString
 131:.\main.c      ****     LCD_Char_1_Position(1u, 0u);
 440              		.loc 1 131 0
ARM GAS  C:\Users\Cedric\AppData\Local\Temp\cczZ6omP.s 			page 12


 441 0020 0120     		mov	r0, #1
 442 0022 0021     		mov	r1, #0
 443 0024 FFF7FEFF 		bl	LCD_Char_1_Position
 132:.\main.c      ****     LCD_Char_1_PrintString(messagesl2[i]);
 444              		.loc 1 132 0
 445 0028 0A4B     		ldr	r3, .L24
 446 002a 1B68     		ldr	r3, [r3]
 447 002c 1A01     		lsl	r2, r3, #4
 448 002e 0B4B     		ldr	r3, .L24+8
 449 0030 D318     		add	r3, r2, r3
 450 0032 181C     		mov	r0, r3
 451 0034 FFF7FEFF 		bl	LCD_Char_1_PrintString
 133:.\main.c      **** 
 134:.\main.c      ****     i=(i+1)%nbmessages;
 452              		.loc 1 134 0
 453 0038 064B     		ldr	r3, .L24
 454 003a 1B68     		ldr	r3, [r3]
 455 003c 0133     		add	r3, r3, #1
 456 003e 181C     		mov	r0, r3
 457 0040 0A21     		mov	r1, #10
 458 0042 FFF7FEFF 		bl	__aeabi_idivmod
 459 0046 0B1C     		mov	r3, r1
 460 0048 1A1C     		mov	r2, r3
 461 004a 024B     		ldr	r3, .L24
 462 004c 1A60     		str	r2, [r3]
 135:.\main.c      **** 
 136:.\main.c      **** 
 137:.\main.c      **** }
 463              		.loc 1 137 0
 464 004e BD46     		mov	sp, r7
 465              		@ sp needed for prologue
 466 0050 80BD     		pop	{r7, pc}
 467              	.L25:
 468 0052 C046     		.align	2
 469              	.L24:
 470 0054 00000000 		.word	i.5430
 471 0058 00000000 		.word	messagesl1
 472 005c 00000000 		.word	messagesl2
 473              		.cfi_endproc
 474              	.LFE36:
 475              		.size	InterruptHandler4, .-InterruptHandler4
 476              		.section	.rodata
 477              		.align	2
 478              	.LC16:
 479 0000 20204D61 		.ascii	"  Made by ARES  \000"
 479      64652062 
 479      79204152 
 479      45532020 
 479      00
 480 0011 000000   		.align	2
 481              	.LC18:
 482 0014 204A7573 		.ascii	" Just for U \000"
 482      7420666F 
 482      72205520 
 482      00
 483 0021 000000   		.section	.text.main,"ax",%progbits
 484              		.align	2
ARM GAS  C:\Users\Cedric\AppData\Local\Temp\cczZ6omP.s 			page 13


 485              		.global	main
 486              		.code	16
 487              		.thumb_func
 488              		.type	main, %function
 489              	main:
 490              	.LFB37:
 138:.\main.c      **** 
 139:.\main.c      **** int main()
 140:.\main.c      **** {
 491              		.loc 1 140 0
 492              		.cfi_startproc
 493 0000 80B5     		push	{r7, lr}
 494              	.LCFI8:
 495              		.cfi_def_cfa_offset 8
 496              		.cfi_offset 7, -8
 497              		.cfi_offset 14, -4
 498 0002 00AF     		add	r7, sp, #0
 499              	.LCFI9:
 500              		.cfi_def_cfa_register 7
 141:.\main.c      ****     //allow global interrupt
 142:.\main.c      ****     CyGlobalIntEnable;
 501              		.loc 1 142 0
 502              	@ 142 ".\main.c" 1
 503 0004 62B6     		CPSIE   i
 504              	@ 0 "" 2
 143:.\main.c      ****  
 144:.\main.c      ****     /* Enable the Interrupt component connected to interrupt */
 145:.\main.c      ****     
 146:.\main.c      ****     TC1_ISR_StartEx(InterruptHandler1);
 505              		.loc 1 146 0
 506              		.code	16
 507 0006 154B     		ldr	r3, .L28
 508 0008 181C     		mov	r0, r3
 509 000a FFF7FEFF 		bl	TC1_ISR_StartEx
 147:.\main.c      ****     TC2_ISR_StartEx(InterruptHandler2);
 510              		.loc 1 147 0
 511 000e 144B     		ldr	r3, .L28+4
 512 0010 181C     		mov	r0, r3
 513 0012 FFF7FEFF 		bl	TC2_ISR_StartEx
 148:.\main.c      ****     TC3_ISR_StartEx(InterruptHandler3);
 514              		.loc 1 148 0
 515 0016 134B     		ldr	r3, .L28+8
 516 0018 181C     		mov	r0, r3
 517 001a FFF7FEFF 		bl	TC3_ISR_StartEx
 149:.\main.c      ****     TC4_ISR_StartEx(InterruptHandler4);
 518              		.loc 1 149 0
 519 001e 124B     		ldr	r3, .L28+12
 520 0020 181C     		mov	r0, r3
 521 0022 FFF7FEFF 		bl	TC4_ISR_StartEx
 150:.\main.c      ****     
 151:.\main.c      ****     //initialisation LCD
 152:.\main.c      ****     LCD_Char_1_Start();
 522              		.loc 1 152 0
 523 0026 FFF7FEFF 		bl	LCD_Char_1_Start
 153:.\main.c      **** 
 154:.\main.c      ****     
 155:.\main.c      ****     /* Initialisation affichage */
ARM GAS  C:\Users\Cedric\AppData\Local\Temp\cczZ6omP.s 			page 14


 156:.\main.c      ****     LCD_Char_1_Position(0u, 0u);
 524              		.loc 1 156 0
 525 002a 0020     		mov	r0, #0
 526 002c 0021     		mov	r1, #0
 527 002e FFF7FEFF 		bl	LCD_Char_1_Position
 157:.\main.c      ****     LCD_Char_1_PrintString("  Made by ARES  ");
 528              		.loc 1 157 0
 529 0032 0E4B     		ldr	r3, .L28+16
 530 0034 181C     		mov	r0, r3
 531 0036 FFF7FEFF 		bl	LCD_Char_1_PrintString
 158:.\main.c      ****     LCD_Char_1_Position(1u, 0u);
 532              		.loc 1 158 0
 533 003a 0120     		mov	r0, #1
 534 003c 0021     		mov	r1, #0
 535 003e FFF7FEFF 		bl	LCD_Char_1_Position
 159:.\main.c      ****     LCD_Char_1_PrintString(" Just for U ");
 536              		.loc 1 159 0
 537 0042 0B4B     		ldr	r3, .L28+20
 538 0044 181C     		mov	r0, r3
 539 0046 FFF7FEFF 		bl	LCD_Char_1_PrintString
 160:.\main.c      **** 
 161:.\main.c      ****  
 162:.\main.c      **** 
 163:.\main.c      ****     //initialisation des PWMs 
 164:.\main.c      ****     PWM_1_Start();
 540              		.loc 1 164 0
 541 004a FFF7FEFF 		bl	PWM_1_Start
 165:.\main.c      ****     PWM_3_Start();
 542              		.loc 1 165 0
 543 004e FFF7FEFF 		bl	PWM_3_Start
 166:.\main.c      ****     PWM_2_Start();
 544              		.loc 1 166 0
 545 0052 FFF7FEFF 		bl	PWM_2_Start
 167:.\main.c      ****     TIM_4_Start();
 546              		.loc 1 167 0
 547 0056 FFF7FEFF 		bl	TIM_4_Start
 548              	.L27:
 168:.\main.c      **** 
 169:.\main.c      ****     
 170:.\main.c      **** 
 171:.\main.c      **** 
 172:.\main.c      ****     for(;;)
 173:.\main.c      ****     {   
 174:.\main.c      ****     }
 549              		.loc 1 174 0 discriminator 1
 550 005a FEE7     		b	.L27
 551              	.L29:
 552              		.align	2
 553              	.L28:
 554 005c 00000000 		.word	InterruptHandler1
 555 0060 00000000 		.word	InterruptHandler2
 556 0064 00000000 		.word	InterruptHandler3
 557 0068 00000000 		.word	InterruptHandler4
 558 006c 00000000 		.word	.LC16
 559 0070 14000000 		.word	.LC18
 560              		.cfi_endproc
 561              	.LFE37:
ARM GAS  C:\Users\Cedric\AppData\Local\Temp\cczZ6omP.s 			page 15


 562              		.size	main, .-main
 563              		.bss
 564              		.align	2
 565              	i.5430:
 566 0000 00000000 		.space	4
 567              		.align	2
 568              	cpt3.5424:
 569 0004 00000000 		.space	4
 570              		.align	2
 571              	cmp3.5425:
 572 0008 00000000 		.space	4
 573              		.data
 574              		.align	2
 575              		.type	updown3.5426, %object
 576              		.size	updown3.5426, 4
 577              	updown3.5426:
 578 0140 01000000 		.word	1
 579              		.bss
 580              		.align	2
 581              	cpt2.5418:
 582 000c 00000000 		.space	4
 583              		.align	2
 584              	cmp2.5419:
 585 0010 00000000 		.space	4
 586              		.data
 587              		.align	2
 588              		.type	updown2.5420, %object
 589              		.size	updown2.5420, 4
 590              	updown2.5420:
 591 0144 01000000 		.word	1
 592              		.bss
 593              		.align	2
 594              	cpt1.5412:
 595 0014 00000000 		.space	4
 596              		.align	2
 597              	cmp1.5413:
 598 0018 00000000 		.space	4
 599              		.data
 600              		.align	2
 601              		.type	updown1.5414, %object
 602              		.size	updown1.5414, 4
 603              	updown1.5414:
 604 0148 01000000 		.word	1
 605              		.text
 606              	.Letext0:
 607              		.file 2 "./Generated_Source/PSoC4/cytypes.h"
 608              		.section	.debug_info,"",%progbits
 609              	.Ldebug_info0:
 610 0000 FA010000 		.4byte	0x1fa
 611 0004 0200     		.2byte	0x2
 612 0006 00000000 		.4byte	.Ldebug_abbrev0
 613 000a 04       		.byte	0x4
 614 000b 01       		.uleb128 0x1
 615 000c 8C010000 		.4byte	.LASF28
 616 0010 01       		.byte	0x1
 617 0011 C3000000 		.4byte	.LASF29
 618 0015 0B000000 		.4byte	.LASF30
ARM GAS  C:\Users\Cedric\AppData\Local\Temp\cczZ6omP.s 			page 16


 619 0019 00000000 		.4byte	.Ldebug_ranges0+0
 620 001d 00000000 		.4byte	0
 621 0021 00000000 		.4byte	0
 622 0025 00000000 		.4byte	.Ldebug_line0
 623 0029 02       		.uleb128 0x2
 624 002a 01       		.byte	0x1
 625 002b 06       		.byte	0x6
 626 002c ED010000 		.4byte	.LASF0
 627 0030 02       		.uleb128 0x2
 628 0031 01       		.byte	0x1
 629 0032 08       		.byte	0x8
 630 0033 73000000 		.4byte	.LASF1
 631 0037 02       		.uleb128 0x2
 632 0038 02       		.byte	0x2
 633 0039 05       		.byte	0x5
 634 003a 82010000 		.4byte	.LASF2
 635 003e 02       		.uleb128 0x2
 636 003f 02       		.byte	0x2
 637 0040 07       		.byte	0x7
 638 0041 A9000000 		.4byte	.LASF3
 639 0045 02       		.uleb128 0x2
 640 0046 04       		.byte	0x4
 641 0047 05       		.byte	0x5
 642 0048 D5010000 		.4byte	.LASF4
 643 004c 02       		.uleb128 0x2
 644 004d 04       		.byte	0x4
 645 004e 07       		.byte	0x7
 646 004f 97000000 		.4byte	.LASF5
 647 0053 02       		.uleb128 0x2
 648 0054 08       		.byte	0x8
 649 0055 05       		.byte	0x5
 650 0056 65010000 		.4byte	.LASF6
 651 005a 02       		.uleb128 0x2
 652 005b 08       		.byte	0x8
 653 005c 07       		.byte	0x7
 654 005d F8000000 		.4byte	.LASF7
 655 0061 03       		.uleb128 0x3
 656 0062 04       		.byte	0x4
 657 0063 05       		.byte	0x5
 658 0064 696E7400 		.ascii	"int\000"
 659 0068 02       		.uleb128 0x2
 660 0069 04       		.byte	0x4
 661 006a 07       		.byte	0x7
 662 006b EB000000 		.4byte	.LASF8
 663 006f 04       		.uleb128 0x4
 664 0070 CC000000 		.4byte	.LASF31
 665 0074 02       		.byte	0x2
 666 0075 5D       		.byte	0x5d
 667 0076 4C000000 		.4byte	0x4c
 668 007a 02       		.uleb128 0x2
 669 007b 04       		.byte	0x4
 670 007c 04       		.byte	0x4
 671 007d 05000000 		.4byte	.LASF9
 672 0081 02       		.uleb128 0x2
 673 0082 08       		.byte	0x8
 674 0083 04       		.byte	0x4
 675 0084 BC000000 		.4byte	.LASF10
ARM GAS  C:\Users\Cedric\AppData\Local\Temp\cczZ6omP.s 			page 17


 676 0088 02       		.uleb128 0x2
 677 0089 01       		.byte	0x1
 678 008a 08       		.byte	0x8
 679 008b 00000000 		.4byte	.LASF11
 680 008f 02       		.uleb128 0x2
 681 0090 04       		.byte	0x4
 682 0091 07       		.byte	0x7
 683 0092 5C010000 		.4byte	.LASF12
 684 0096 05       		.uleb128 0x5
 685 0097 01       		.byte	0x1
 686 0098 0F010000 		.4byte	.LASF16
 687 009c 01       		.byte	0x1
 688 009d 2C       		.byte	0x2c
 689 009e 01       		.byte	0x1
 690 009f 00000000 		.4byte	.LFB33
 691 00a3 B4000000 		.4byte	.LFE33
 692 00a7 00000000 		.4byte	.LLST0
 693 00ab 01       		.byte	0x1
 694 00ac E4000000 		.4byte	0xe4
 695 00b0 06       		.uleb128 0x6
 696 00b1 DE010000 		.4byte	.LASF13
 697 00b5 01       		.byte	0x1
 698 00b6 2E       		.byte	0x2e
 699 00b7 61000000 		.4byte	0x61
 700 00bb 05       		.byte	0x5
 701 00bc 03       		.byte	0x3
 702 00bd 14000000 		.4byte	cpt1.5412
 703 00c1 06       		.uleb128 0x6
 704 00c2 73010000 		.4byte	.LASF14
 705 00c6 01       		.byte	0x1
 706 00c7 2F       		.byte	0x2f
 707 00c8 61000000 		.4byte	0x61
 708 00cc 05       		.byte	0x5
 709 00cd 03       		.byte	0x3
 710 00ce 18000000 		.4byte	cmp1.5413
 711 00d2 06       		.uleb128 0x6
 712 00d3 D3000000 		.4byte	.LASF15
 713 00d7 01       		.byte	0x1
 714 00d8 30       		.byte	0x30
 715 00d9 61000000 		.4byte	0x61
 716 00dd 05       		.byte	0x5
 717 00de 03       		.byte	0x3
 718 00df 48010000 		.4byte	updown1.5414
 719 00e3 00       		.byte	0
 720 00e4 05       		.uleb128 0x5
 721 00e5 01       		.byte	0x1
 722 00e6 21010000 		.4byte	.LASF17
 723 00ea 01       		.byte	0x1
 724 00eb 46       		.byte	0x46
 725 00ec 01       		.byte	0x1
 726 00ed 00000000 		.4byte	.LFB34
 727 00f1 AC000000 		.4byte	.LFE34
 728 00f5 2C000000 		.4byte	.LLST1
 729 00f9 01       		.byte	0x1
 730 00fa 32010000 		.4byte	0x132
 731 00fe 06       		.uleb128 0x6
 732 00ff E3010000 		.4byte	.LASF18
ARM GAS  C:\Users\Cedric\AppData\Local\Temp\cczZ6omP.s 			page 18


 733 0103 01       		.byte	0x1
 734 0104 48       		.byte	0x48
 735 0105 61000000 		.4byte	0x61
 736 0109 05       		.byte	0x5
 737 010a 03       		.byte	0x3
 738 010b 0C000000 		.4byte	cpt2.5418
 739 010f 06       		.uleb128 0x6
 740 0110 78010000 		.4byte	.LASF19
 741 0114 01       		.byte	0x1
 742 0115 49       		.byte	0x49
 743 0116 61000000 		.4byte	0x61
 744 011a 05       		.byte	0x5
 745 011b 03       		.byte	0x3
 746 011c 10000000 		.4byte	cmp2.5419
 747 0120 06       		.uleb128 0x6
 748 0121 DB000000 		.4byte	.LASF20
 749 0125 01       		.byte	0x1
 750 0126 4A       		.byte	0x4a
 751 0127 61000000 		.4byte	0x61
 752 012b 05       		.byte	0x5
 753 012c 03       		.byte	0x3
 754 012d 44010000 		.4byte	updown2.5420
 755 0131 00       		.byte	0
 756 0132 05       		.uleb128 0x5
 757 0133 01       		.byte	0x1
 758 0134 33010000 		.4byte	.LASF21
 759 0138 01       		.byte	0x1
 760 0139 60       		.byte	0x60
 761 013a 01       		.byte	0x1
 762 013b 00000000 		.4byte	.LFB35
 763 013f AC000000 		.4byte	.LFE35
 764 0143 58000000 		.4byte	.LLST2
 765 0147 01       		.byte	0x1
 766 0148 80010000 		.4byte	0x180
 767 014c 06       		.uleb128 0x6
 768 014d E8010000 		.4byte	.LASF22
 769 0151 01       		.byte	0x1
 770 0152 62       		.byte	0x62
 771 0153 61000000 		.4byte	0x61
 772 0157 05       		.byte	0x5
 773 0158 03       		.byte	0x3
 774 0159 04000000 		.4byte	cpt3.5424
 775 015d 06       		.uleb128 0x6
 776 015e 7D010000 		.4byte	.LASF23
 777 0162 01       		.byte	0x1
 778 0163 63       		.byte	0x63
 779 0164 61000000 		.4byte	0x61
 780 0168 05       		.byte	0x5
 781 0169 03       		.byte	0x3
 782 016a 08000000 		.4byte	cmp3.5425
 783 016e 06       		.uleb128 0x6
 784 016f E3000000 		.4byte	.LASF24
 785 0173 01       		.byte	0x1
 786 0174 64       		.byte	0x64
 787 0175 61000000 		.4byte	0x61
 788 0179 05       		.byte	0x5
 789 017a 03       		.byte	0x3
ARM GAS  C:\Users\Cedric\AppData\Local\Temp\cczZ6omP.s 			page 19


 790 017b 40010000 		.4byte	updown3.5426
 791 017f 00       		.byte	0
 792 0180 05       		.uleb128 0x5
 793 0181 01       		.byte	0x1
 794 0182 45010000 		.4byte	.LASF25
 795 0186 01       		.byte	0x1
 796 0187 7A       		.byte	0x7a
 797 0188 01       		.byte	0x1
 798 0189 00000000 		.4byte	.LFB36
 799 018d 60000000 		.4byte	.LFE36
 800 0191 84000000 		.4byte	.LLST3
 801 0195 01       		.byte	0x1
 802 0196 AA010000 		.4byte	0x1aa
 803 019a 07       		.uleb128 0x7
 804 019b 6900     		.ascii	"i\000"
 805 019d 01       		.byte	0x1
 806 019e 7C       		.byte	0x7c
 807 019f 61000000 		.4byte	0x61
 808 01a3 05       		.byte	0x5
 809 01a4 03       		.byte	0x3
 810 01a5 00000000 		.4byte	i.5430
 811 01a9 00       		.byte	0
 812 01aa 08       		.uleb128 0x8
 813 01ab 01       		.byte	0x1
 814 01ac 57010000 		.4byte	.LASF32
 815 01b0 01       		.byte	0x1
 816 01b1 8B       		.byte	0x8b
 817 01b2 61000000 		.4byte	0x61
 818 01b6 00000000 		.4byte	.LFB37
 819 01ba 74000000 		.4byte	.LFE37
 820 01be B0000000 		.4byte	.LLST4
 821 01c2 01       		.byte	0x1
 822 01c3 09       		.uleb128 0x9
 823 01c4 88000000 		.4byte	0x88
 824 01c8 D9010000 		.4byte	0x1d9
 825 01cc 0A       		.uleb128 0xa
 826 01cd 8F000000 		.4byte	0x8f
 827 01d1 09       		.byte	0x9
 828 01d2 0A       		.uleb128 0xa
 829 01d3 8F000000 		.4byte	0x8f
 830 01d7 0F       		.byte	0xf
 831 01d8 00       		.byte	0
 832 01d9 0B       		.uleb128 0xb
 833 01da 81000000 		.4byte	.LASF26
 834 01de 01       		.byte	0x1
 835 01df 13       		.byte	0x13
 836 01e0 C3010000 		.4byte	0x1c3
 837 01e4 01       		.byte	0x1
 838 01e5 05       		.byte	0x5
 839 01e6 03       		.byte	0x3
 840 01e7 00000000 		.4byte	messagesl1
 841 01eb 0B       		.uleb128 0xb
 842 01ec 8C000000 		.4byte	.LASF27
 843 01f0 01       		.byte	0x1
 844 01f1 1F       		.byte	0x1f
 845 01f2 C3010000 		.4byte	0x1c3
 846 01f6 01       		.byte	0x1
ARM GAS  C:\Users\Cedric\AppData\Local\Temp\cczZ6omP.s 			page 20


 847 01f7 05       		.byte	0x5
 848 01f8 03       		.byte	0x3
 849 01f9 00000000 		.4byte	messagesl2
 850 01fd 00       		.byte	0
 851              		.section	.debug_abbrev,"",%progbits
 852              	.Ldebug_abbrev0:
 853 0000 01       		.uleb128 0x1
 854 0001 11       		.uleb128 0x11
 855 0002 01       		.byte	0x1
 856 0003 25       		.uleb128 0x25
 857 0004 0E       		.uleb128 0xe
 858 0005 13       		.uleb128 0x13
 859 0006 0B       		.uleb128 0xb
 860 0007 03       		.uleb128 0x3
 861 0008 0E       		.uleb128 0xe
 862 0009 1B       		.uleb128 0x1b
 863 000a 0E       		.uleb128 0xe
 864 000b 55       		.uleb128 0x55
 865 000c 06       		.uleb128 0x6
 866 000d 11       		.uleb128 0x11
 867 000e 01       		.uleb128 0x1
 868 000f 52       		.uleb128 0x52
 869 0010 01       		.uleb128 0x1
 870 0011 10       		.uleb128 0x10
 871 0012 06       		.uleb128 0x6
 872 0013 00       		.byte	0
 873 0014 00       		.byte	0
 874 0015 02       		.uleb128 0x2
 875 0016 24       		.uleb128 0x24
 876 0017 00       		.byte	0
 877 0018 0B       		.uleb128 0xb
 878 0019 0B       		.uleb128 0xb
 879 001a 3E       		.uleb128 0x3e
 880 001b 0B       		.uleb128 0xb
 881 001c 03       		.uleb128 0x3
 882 001d 0E       		.uleb128 0xe
 883 001e 00       		.byte	0
 884 001f 00       		.byte	0
 885 0020 03       		.uleb128 0x3
 886 0021 24       		.uleb128 0x24
 887 0022 00       		.byte	0
 888 0023 0B       		.uleb128 0xb
 889 0024 0B       		.uleb128 0xb
 890 0025 3E       		.uleb128 0x3e
 891 0026 0B       		.uleb128 0xb
 892 0027 03       		.uleb128 0x3
 893 0028 08       		.uleb128 0x8
 894 0029 00       		.byte	0
 895 002a 00       		.byte	0
 896 002b 04       		.uleb128 0x4
 897 002c 16       		.uleb128 0x16
 898 002d 00       		.byte	0
 899 002e 03       		.uleb128 0x3
 900 002f 0E       		.uleb128 0xe
 901 0030 3A       		.uleb128 0x3a
 902 0031 0B       		.uleb128 0xb
 903 0032 3B       		.uleb128 0x3b
ARM GAS  C:\Users\Cedric\AppData\Local\Temp\cczZ6omP.s 			page 21


 904 0033 0B       		.uleb128 0xb
 905 0034 49       		.uleb128 0x49
 906 0035 13       		.uleb128 0x13
 907 0036 00       		.byte	0
 908 0037 00       		.byte	0
 909 0038 05       		.uleb128 0x5
 910 0039 2E       		.uleb128 0x2e
 911 003a 01       		.byte	0x1
 912 003b 3F       		.uleb128 0x3f
 913 003c 0C       		.uleb128 0xc
 914 003d 03       		.uleb128 0x3
 915 003e 0E       		.uleb128 0xe
 916 003f 3A       		.uleb128 0x3a
 917 0040 0B       		.uleb128 0xb
 918 0041 3B       		.uleb128 0x3b
 919 0042 0B       		.uleb128 0xb
 920 0043 27       		.uleb128 0x27
 921 0044 0C       		.uleb128 0xc
 922 0045 11       		.uleb128 0x11
 923 0046 01       		.uleb128 0x1
 924 0047 12       		.uleb128 0x12
 925 0048 01       		.uleb128 0x1
 926 0049 40       		.uleb128 0x40
 927 004a 06       		.uleb128 0x6
 928 004b 9642     		.uleb128 0x2116
 929 004d 0C       		.uleb128 0xc
 930 004e 01       		.uleb128 0x1
 931 004f 13       		.uleb128 0x13
 932 0050 00       		.byte	0
 933 0051 00       		.byte	0
 934 0052 06       		.uleb128 0x6
 935 0053 34       		.uleb128 0x34
 936 0054 00       		.byte	0
 937 0055 03       		.uleb128 0x3
 938 0056 0E       		.uleb128 0xe
 939 0057 3A       		.uleb128 0x3a
 940 0058 0B       		.uleb128 0xb
 941 0059 3B       		.uleb128 0x3b
 942 005a 0B       		.uleb128 0xb
 943 005b 49       		.uleb128 0x49
 944 005c 13       		.uleb128 0x13
 945 005d 02       		.uleb128 0x2
 946 005e 0A       		.uleb128 0xa
 947 005f 00       		.byte	0
 948 0060 00       		.byte	0
 949 0061 07       		.uleb128 0x7
 950 0062 34       		.uleb128 0x34
 951 0063 00       		.byte	0
 952 0064 03       		.uleb128 0x3
 953 0065 08       		.uleb128 0x8
 954 0066 3A       		.uleb128 0x3a
 955 0067 0B       		.uleb128 0xb
 956 0068 3B       		.uleb128 0x3b
 957 0069 0B       		.uleb128 0xb
 958 006a 49       		.uleb128 0x49
 959 006b 13       		.uleb128 0x13
 960 006c 02       		.uleb128 0x2
ARM GAS  C:\Users\Cedric\AppData\Local\Temp\cczZ6omP.s 			page 22


 961 006d 0A       		.uleb128 0xa
 962 006e 00       		.byte	0
 963 006f 00       		.byte	0
 964 0070 08       		.uleb128 0x8
 965 0071 2E       		.uleb128 0x2e
 966 0072 00       		.byte	0
 967 0073 3F       		.uleb128 0x3f
 968 0074 0C       		.uleb128 0xc
 969 0075 03       		.uleb128 0x3
 970 0076 0E       		.uleb128 0xe
 971 0077 3A       		.uleb128 0x3a
 972 0078 0B       		.uleb128 0xb
 973 0079 3B       		.uleb128 0x3b
 974 007a 0B       		.uleb128 0xb
 975 007b 49       		.uleb128 0x49
 976 007c 13       		.uleb128 0x13
 977 007d 11       		.uleb128 0x11
 978 007e 01       		.uleb128 0x1
 979 007f 12       		.uleb128 0x12
 980 0080 01       		.uleb128 0x1
 981 0081 40       		.uleb128 0x40
 982 0082 06       		.uleb128 0x6
 983 0083 9642     		.uleb128 0x2116
 984 0085 0C       		.uleb128 0xc
 985 0086 00       		.byte	0
 986 0087 00       		.byte	0
 987 0088 09       		.uleb128 0x9
 988 0089 01       		.uleb128 0x1
 989 008a 01       		.byte	0x1
 990 008b 49       		.uleb128 0x49
 991 008c 13       		.uleb128 0x13
 992 008d 01       		.uleb128 0x1
 993 008e 13       		.uleb128 0x13
 994 008f 00       		.byte	0
 995 0090 00       		.byte	0
 996 0091 0A       		.uleb128 0xa
 997 0092 21       		.uleb128 0x21
 998 0093 00       		.byte	0
 999 0094 49       		.uleb128 0x49
 1000 0095 13       		.uleb128 0x13
 1001 0096 2F       		.uleb128 0x2f
 1002 0097 0B       		.uleb128 0xb
 1003 0098 00       		.byte	0
 1004 0099 00       		.byte	0
 1005 009a 0B       		.uleb128 0xb
 1006 009b 34       		.uleb128 0x34
 1007 009c 00       		.byte	0
 1008 009d 03       		.uleb128 0x3
 1009 009e 0E       		.uleb128 0xe
 1010 009f 3A       		.uleb128 0x3a
 1011 00a0 0B       		.uleb128 0xb
 1012 00a1 3B       		.uleb128 0x3b
 1013 00a2 0B       		.uleb128 0xb
 1014 00a3 49       		.uleb128 0x49
 1015 00a4 13       		.uleb128 0x13
 1016 00a5 3F       		.uleb128 0x3f
 1017 00a6 0C       		.uleb128 0xc
ARM GAS  C:\Users\Cedric\AppData\Local\Temp\cczZ6omP.s 			page 23


 1018 00a7 02       		.uleb128 0x2
 1019 00a8 0A       		.uleb128 0xa
 1020 00a9 00       		.byte	0
 1021 00aa 00       		.byte	0
 1022 00ab 00       		.byte	0
 1023              		.section	.debug_loc,"",%progbits
 1024              	.Ldebug_loc0:
 1025              	.LLST0:
 1026 0000 00000000 		.4byte	.LFB33
 1027 0004 02000000 		.4byte	.LCFI0
 1028 0008 0200     		.2byte	0x2
 1029 000a 7D       		.byte	0x7d
 1030 000b 00       		.sleb128 0
 1031 000c 02000000 		.4byte	.LCFI0
 1032 0010 04000000 		.4byte	.LCFI1
 1033 0014 0200     		.2byte	0x2
 1034 0016 7D       		.byte	0x7d
 1035 0017 08       		.sleb128 8
 1036 0018 04000000 		.4byte	.LCFI1
 1037 001c B4000000 		.4byte	.LFE33
 1038 0020 0200     		.2byte	0x2
 1039 0022 77       		.byte	0x77
 1040 0023 08       		.sleb128 8
 1041 0024 00000000 		.4byte	0
 1042 0028 00000000 		.4byte	0
 1043              	.LLST1:
 1044 002c 00000000 		.4byte	.LFB34
 1045 0030 02000000 		.4byte	.LCFI2
 1046 0034 0200     		.2byte	0x2
 1047 0036 7D       		.byte	0x7d
 1048 0037 00       		.sleb128 0
 1049 0038 02000000 		.4byte	.LCFI2
 1050 003c 04000000 		.4byte	.LCFI3
 1051 0040 0200     		.2byte	0x2
 1052 0042 7D       		.byte	0x7d
 1053 0043 08       		.sleb128 8
 1054 0044 04000000 		.4byte	.LCFI3
 1055 0048 AC000000 		.4byte	.LFE34
 1056 004c 0200     		.2byte	0x2
 1057 004e 77       		.byte	0x77
 1058 004f 08       		.sleb128 8
 1059 0050 00000000 		.4byte	0
 1060 0054 00000000 		.4byte	0
 1061              	.LLST2:
 1062 0058 00000000 		.4byte	.LFB35
 1063 005c 02000000 		.4byte	.LCFI4
 1064 0060 0200     		.2byte	0x2
 1065 0062 7D       		.byte	0x7d
 1066 0063 00       		.sleb128 0
 1067 0064 02000000 		.4byte	.LCFI4
 1068 0068 04000000 		.4byte	.LCFI5
 1069 006c 0200     		.2byte	0x2
 1070 006e 7D       		.byte	0x7d
 1071 006f 08       		.sleb128 8
 1072 0070 04000000 		.4byte	.LCFI5
 1073 0074 AC000000 		.4byte	.LFE35
 1074 0078 0200     		.2byte	0x2
ARM GAS  C:\Users\Cedric\AppData\Local\Temp\cczZ6omP.s 			page 24


 1075 007a 77       		.byte	0x77
 1076 007b 08       		.sleb128 8
 1077 007c 00000000 		.4byte	0
 1078 0080 00000000 		.4byte	0
 1079              	.LLST3:
 1080 0084 00000000 		.4byte	.LFB36
 1081 0088 02000000 		.4byte	.LCFI6
 1082 008c 0200     		.2byte	0x2
 1083 008e 7D       		.byte	0x7d
 1084 008f 00       		.sleb128 0
 1085 0090 02000000 		.4byte	.LCFI6
 1086 0094 04000000 		.4byte	.LCFI7
 1087 0098 0200     		.2byte	0x2
 1088 009a 7D       		.byte	0x7d
 1089 009b 08       		.sleb128 8
 1090 009c 04000000 		.4byte	.LCFI7
 1091 00a0 60000000 		.4byte	.LFE36
 1092 00a4 0200     		.2byte	0x2
 1093 00a6 77       		.byte	0x77
 1094 00a7 08       		.sleb128 8
 1095 00a8 00000000 		.4byte	0
 1096 00ac 00000000 		.4byte	0
 1097              	.LLST4:
 1098 00b0 00000000 		.4byte	.LFB37
 1099 00b4 02000000 		.4byte	.LCFI8
 1100 00b8 0200     		.2byte	0x2
 1101 00ba 7D       		.byte	0x7d
 1102 00bb 00       		.sleb128 0
 1103 00bc 02000000 		.4byte	.LCFI8
 1104 00c0 04000000 		.4byte	.LCFI9
 1105 00c4 0200     		.2byte	0x2
 1106 00c6 7D       		.byte	0x7d
 1107 00c7 08       		.sleb128 8
 1108 00c8 04000000 		.4byte	.LCFI9
 1109 00cc 74000000 		.4byte	.LFE37
 1110 00d0 0200     		.2byte	0x2
 1111 00d2 77       		.byte	0x77
 1112 00d3 08       		.sleb128 8
 1113 00d4 00000000 		.4byte	0
 1114 00d8 00000000 		.4byte	0
 1115              		.section	.debug_aranges,"",%progbits
 1116 0000 3C000000 		.4byte	0x3c
 1117 0004 0200     		.2byte	0x2
 1118 0006 00000000 		.4byte	.Ldebug_info0
 1119 000a 04       		.byte	0x4
 1120 000b 00       		.byte	0
 1121 000c 0000     		.2byte	0
 1122 000e 0000     		.2byte	0
 1123 0010 00000000 		.4byte	.LFB33
 1124 0014 B4000000 		.4byte	.LFE33-.LFB33
 1125 0018 00000000 		.4byte	.LFB34
 1126 001c AC000000 		.4byte	.LFE34-.LFB34
 1127 0020 00000000 		.4byte	.LFB35
 1128 0024 AC000000 		.4byte	.LFE35-.LFB35
 1129 0028 00000000 		.4byte	.LFB36
 1130 002c 60000000 		.4byte	.LFE36-.LFB36
 1131 0030 00000000 		.4byte	.LFB37
ARM GAS  C:\Users\Cedric\AppData\Local\Temp\cczZ6omP.s 			page 25


 1132 0034 74000000 		.4byte	.LFE37-.LFB37
 1133 0038 00000000 		.4byte	0
 1134 003c 00000000 		.4byte	0
 1135              		.section	.debug_ranges,"",%progbits
 1136              	.Ldebug_ranges0:
 1137 0000 00000000 		.4byte	.LFB33
 1138 0004 B4000000 		.4byte	.LFE33
 1139 0008 00000000 		.4byte	.LFB34
 1140 000c AC000000 		.4byte	.LFE34
 1141 0010 00000000 		.4byte	.LFB35
 1142 0014 AC000000 		.4byte	.LFE35
 1143 0018 00000000 		.4byte	.LFB36
 1144 001c 60000000 		.4byte	.LFE36
 1145 0020 00000000 		.4byte	.LFB37
 1146 0024 74000000 		.4byte	.LFE37
 1147 0028 00000000 		.4byte	0
 1148 002c 00000000 		.4byte	0
 1149              		.section	.debug_line,"",%progbits
 1150              	.Ldebug_line0:
 1151 0000 D5000000 		.section	.debug_str,"MS",%progbits,1
 1151      02004500 
 1151      00000201 
 1151      FB0E0D00 
 1151      01010101 
 1152              	.LASF11:
 1153 0000 63686172 		.ascii	"char\000"
 1153      00
 1154              	.LASF9:
 1155 0005 666C6F61 		.ascii	"float\000"
 1155      7400
 1156              	.LASF30:
 1157 000b 433A5C55 		.ascii	"C:\\Users\\Cedric\\Google Drive\\Mes Documents\\PSo"
 1157      73657273 
 1157      5C436564 
 1157      7269635C 
 1157      476F6F67 
 1158 0039 43204372 		.ascii	"C Creator\\Design01\\cadeau_marraine_ensea_promo_20"
 1158      6561746F 
 1158      725C4465 
 1158      7369676E 
 1158      30315C63 
 1159 006a 31372E63 		.ascii	"17.cydsn\000"
 1159      7964736E 
 1159      00
 1160              	.LASF1:
 1161 0073 756E7369 		.ascii	"unsigned char\000"
 1161      676E6564 
 1161      20636861 
 1161      7200
 1162              	.LASF26:
 1163 0081 6D657373 		.ascii	"messagesl1\000"
 1163      61676573 
 1163      6C3100
 1164              	.LASF27:
 1165 008c 6D657373 		.ascii	"messagesl2\000"
 1165      61676573 
 1165      6C3200
ARM GAS  C:\Users\Cedric\AppData\Local\Temp\cczZ6omP.s 			page 26


 1166              	.LASF5:
 1167 0097 6C6F6E67 		.ascii	"long unsigned int\000"
 1167      20756E73 
 1167      69676E65 
 1167      6420696E 
 1167      7400
 1168              	.LASF3:
 1169 00a9 73686F72 		.ascii	"short unsigned int\000"
 1169      7420756E 
 1169      7369676E 
 1169      65642069 
 1169      6E7400
 1170              	.LASF10:
 1171 00bc 646F7562 		.ascii	"double\000"
 1171      6C6500
 1172              	.LASF29:
 1173 00c3 2E5C6D61 		.ascii	".\\main.c\000"
 1173      696E2E63 
 1173      00
 1174              	.LASF31:
 1175 00cc 75696E74 		.ascii	"uint32\000"
 1175      333200
 1176              	.LASF15:
 1177 00d3 7570646F 		.ascii	"updown1\000"
 1177      776E3100 
 1178              	.LASF20:
 1179 00db 7570646F 		.ascii	"updown2\000"
 1179      776E3200 
 1180              	.LASF24:
 1181 00e3 7570646F 		.ascii	"updown3\000"
 1181      776E3300 
 1182              	.LASF8:
 1183 00eb 756E7369 		.ascii	"unsigned int\000"
 1183      676E6564 
 1183      20696E74 
 1183      00
 1184              	.LASF7:
 1185 00f8 6C6F6E67 		.ascii	"long long unsigned int\000"
 1185      206C6F6E 
 1185      6720756E 
 1185      7369676E 
 1185      65642069 
 1186              	.LASF16:
 1187 010f 496E7465 		.ascii	"InterruptHandler1\000"
 1187      72727570 
 1187      7448616E 
 1187      646C6572 
 1187      3100
 1188              	.LASF17:
 1189 0121 496E7465 		.ascii	"InterruptHandler2\000"
 1189      72727570 
 1189      7448616E 
 1189      646C6572 
 1189      3200
 1190              	.LASF21:
 1191 0133 496E7465 		.ascii	"InterruptHandler3\000"
 1191      72727570 
ARM GAS  C:\Users\Cedric\AppData\Local\Temp\cczZ6omP.s 			page 27


 1191      7448616E 
 1191      646C6572 
 1191      3300
 1192              	.LASF25:
 1193 0145 496E7465 		.ascii	"InterruptHandler4\000"
 1193      72727570 
 1193      7448616E 
 1193      646C6572 
 1193      3400
 1194              	.LASF32:
 1195 0157 6D61696E 		.ascii	"main\000"
 1195      00
 1196              	.LASF12:
 1197 015c 73697A65 		.ascii	"sizetype\000"
 1197      74797065 
 1197      00
 1198              	.LASF6:
 1199 0165 6C6F6E67 		.ascii	"long long int\000"
 1199      206C6F6E 
 1199      6720696E 
 1199      7400
 1200              	.LASF14:
 1201 0173 636D7031 		.ascii	"cmp1\000"
 1201      00
 1202              	.LASF19:
 1203 0178 636D7032 		.ascii	"cmp2\000"
 1203      00
 1204              	.LASF23:
 1205 017d 636D7033 		.ascii	"cmp3\000"
 1205      00
 1206              	.LASF2:
 1207 0182 73686F72 		.ascii	"short int\000"
 1207      7420696E 
 1207      7400
 1208              	.LASF28:
 1209 018c 474E5520 		.ascii	"GNU C 4.7.3 20130312 (release) [ARM/embedded-4_7-br"
 1209      4320342E 
 1209      372E3320 
 1209      32303133 
 1209      30333132 
 1210 01bf 616E6368 		.ascii	"anch revision 196615]\000"
 1210      20726576 
 1210      6973696F 
 1210      6E203139 
 1210      36363135 
 1211              	.LASF4:
 1212 01d5 6C6F6E67 		.ascii	"long int\000"
 1212      20696E74 
 1212      00
 1213              	.LASF13:
 1214 01de 63707431 		.ascii	"cpt1\000"
 1214      00
 1215              	.LASF18:
 1216 01e3 63707432 		.ascii	"cpt2\000"
 1216      00
 1217              	.LASF22:
 1218 01e8 63707433 		.ascii	"cpt3\000"
ARM GAS  C:\Users\Cedric\AppData\Local\Temp\cczZ6omP.s 			page 28


 1218      00
 1219              	.LASF0:
 1220 01ed 7369676E 		.ascii	"signed char\000"
 1220      65642063 
 1220      68617200 
 1221              		.ident	"GCC: (GNU Tools for ARM Embedded Processors) 4.7.3 20130312 (release) [ARM/embedded-4_7-br
